<?xml version="1.0" encoding="UTF-8"?>
<testsuite name="CalculadoraTest" tests="1" skipped="0" failures="0" errors="0" timestamp="2021-12-09T14:38:10" hostname="DESKTOP-JSBLL1J" time="0.019">
  <properties/>
  <testcase name="somar()" classname="CalculadoraTest" time="0.019"/>
  <system-out><![CDATA[5
]]></system-out>
  <system-err><![CDATA[]]></system-err>
</testsuite>
