<?xml version="1.0" encoding="UTF-8"?>
<testsuite name="CalculadoraNovaTest" tests="1" skipped="0" failures="0" errors="0" timestamp="2021-12-09T17:20:18" hostname="DESKTOP-JSBLL1J" time="0.017">
  <properties/>
  <testcase name="deveSomarDoisValores()" classname="CalculadoraNovaTest" time="0.017"/>
  <system-out><![CDATA[]]></system-out>
  <system-err><![CDATA[]]></system-err>
</testsuite>
